<?xml version="1.0" encoding="UTF-8"?>
<testsuite xmlns:xsi="http://www.w3.org/2001/XMLSchema-instance" xsi:noNamespaceSchemaLocation="https://maven.apache.org/surefire/maven-surefire-plugin/xsd/surefire-test-report-3.0.xsd" version="3.0" name="tests.examples.GoogleTest" time="69.691" tests="4" errors="0" skipped="0" failures="3">
  <properties>
[...]
</properties>
  <testcase name="searchMyName" classname="tests.examples.GoogleTest" time="3.417">
    <system-out><![CDATA[2023-04-04 04:12:08 DEBUG ResolutionCache:403 - Resolution edge=111 in cache (valid until 04:31:48 04/04/2023 PST)
2023-04-04 04:12:08 DEBUG ResolutionCache:403 - Resolution edge111=111.0.1661.62 in cache (valid until 03:31:48 05/04/2023 PST)
2023-04-04 04:12:08 INFO  WebDriverManager:403 - Using msedgedriver 111.0.1661.62 (resolved driver for Edge 111)
2023-04-04 04:12:08 DEBUG WebDriverManager:393 - Driver msedgedriver 111.0.1661.62 found in cache
2023-04-04 04:12:08 INFO  WebDriverManager:393 - Exporting webdriver.edge.driver as C:\Users\aldwi\.cache\selenium\msedgedriver\win64\111.0.1661.62\msedgedriver.exe
2023-04-04 04:12:10 DEBUG Steps:382 - Navigated to https://www.google.com/
2023-04-04 04:12:10 DEBUG cache:45 - Couldn't find template in cache for "spark/spark.spa.ftl"("en_US", UTF-8, parsed); will try to load it.
2023-04-04 04:12:10 DEBUG cache:45 - TemplateLoader.findTemplateSource("spark/spark.spa_en_US.ftl"): Not found
2023-04-04 04:12:10 DEBUG cache:45 - TemplateLoader.findTemplateSource("spark/spark.spa_en.ftl"): Not found
2023-04-04 04:12:10 DEBUG cache:45 - TemplateLoader.findTemplateSource("spark/spark.spa.ftl"): Found
2023-04-04 04:12:10 DEBUG cache:45 - Loading template for "spark/spark.spa.ftl"("en_US", UTF-8, parsed) from "jar:file:/C:/Users/aldwi/.m2/repository/com/aventstack/extentreports/5.0.9/extentreports-5.0.9.jar!/com/aventstack/extentreports/templates/spark/spark.spa.ftl"
2023-04-04 04:12:10 DEBUG cache:45 - Couldn't find template in cache for "commons/commons-variables.ftl"("en_US", UTF-8, parsed); will try to load it.
2023-04-04 04:12:10 DEBUG cache:45 - TemplateLoader.findTemplateSource("commons/commons-variables_en_US.ftl"): Not found
2023-04-04 04:12:10 DEBUG cache:45 - TemplateLoader.findTemplateSource("commons/commons-variables_en.ftl"): Not found
2023-04-04 04:12:10 DEBUG cache:45 - TemplateLoader.findTemplateSource("commons/commons-variables.ftl"): Found
2023-04-04 04:12:10 DEBUG cache:45 - Loading template for "commons/commons-variables.ftl"("en_US", UTF-8, parsed) from "jar:file:/C:/Users/aldwi/.m2/repository/com/aventstack/extentreports/5.0.9/extentreports-5.0.9.jar!/com/aventstack/extentreports/templates/commons/commons-variables.ftl"
2023-04-04 04:12:10 DEBUG cache:45 - Couldn't find template in cache for "commons/commons-macros.ftl"("en_US", UTF-8, parsed); will try to load it.
2023-04-04 04:12:10 DEBUG cache:45 - TemplateLoader.findTemplateSource("commons/commons-macros_en_US.ftl"): Not found
2023-04-04 04:12:10 DEBUG cache:45 - TemplateLoader.findTemplateSource("commons/commons-macros_en.ftl"): Not found
2023-04-04 04:12:10 DEBUG cache:45 - TemplateLoader.findTemplateSource("commons/commons-macros.ftl"): Found
2023-04-04 04:12:10 DEBUG cache:45 - Loading template for "commons/commons-macros.ftl"("en_US", UTF-8, parsed) from "jar:file:/C:/Users/aldwi/.m2/repository/com/aventstack/extentreports/5.0.9/extentreports-5.0.9.jar!/com/aventstack/extentreports/templates/commons/commons-macros.ftl"
2023-04-04 04:12:10 DEBUG cache:45 - Couldn't find template in cache for "spark/macros/attributes.ftl"("en_US", UTF-8, parsed); will try to load it.
2023-04-04 04:12:10 DEBUG cache:45 - TemplateLoader.findTemplateSource("spark/macros/attributes_en_US.ftl"): Not found
2023-04-04 04:12:10 DEBUG cache:45 - TemplateLoader.findTemplateSource("spark/macros/attributes_en.ftl"): Not found
2023-04-04 04:12:10 DEBUG cache:45 - TemplateLoader.findTemplateSource("spark/macros/attributes.ftl"): Found
2023-04-04 04:12:10 DEBUG cache:45 - Loading template for "spark/macros/attributes.ftl"("en_US", UTF-8, parsed) from "jar:file:/C:/Users/aldwi/.m2/repository/com/aventstack/extentreports/5.0.9/extentreports-5.0.9.jar!/com/aventstack/extentreports/templates/spark/macros/attributes.ftl"
2023-04-04 04:12:10 DEBUG cache:45 - Couldn't find template in cache for "spark/macros/log.ftl"("en_US", UTF-8, parsed); will try to load it.
2023-04-04 04:12:10 DEBUG cache:45 - TemplateLoader.findTemplateSource("spark/macros/log_en_US.ftl"): Not found
2023-04-04 04:12:10 DEBUG cache:45 - TemplateLoader.findTemplateSource("spark/macros/log_en.ftl"): Not found
2023-04-04 04:12:10 DEBUG cache:45 - TemplateLoader.findTemplateSource("spark/macros/log.ftl"): Found
2023-04-04 04:12:10 DEBUG cache:45 - Loading template for "spark/macros/log.ftl"("en_US", UTF-8, parsed) from "jar:file:/C:/Users/aldwi/.m2/repository/com/aventstack/extentreports/5.0.9/extentreports-5.0.9.jar!/com/aventstack/extentreports/templates/spark/macros/log.ftl"
2023-04-04 04:12:10 DEBUG cache:45 - Couldn't find template in cache for "spark/macros/recurse_nodes.ftl"("en_US", UTF-8, parsed); will try to load it.
2023-04-04 04:12:10 DEBUG cache:45 - TemplateLoader.findTemplateSource("spark/macros/recurse_nodes_en_US.ftl"): Not found
2023-04-04 04:12:10 DEBUG cache:45 - TemplateLoader.findTemplateSource("spark/macros/recurse_nodes_en.ftl"): Not found
2023-04-04 04:12:10 DEBUG cache:45 - TemplateLoader.findTemplateSource("spark/macros/recurse_nodes.ftl"): Found
2023-04-04 04:12:10 DEBUG cache:45 - Loading template for "spark/macros/recurse_nodes.ftl"("en_US", UTF-8, parsed) from "jar:file:/C:/Users/aldwi/.m2/repository/com/aventstack/extentreports/5.0.9/extentreports-5.0.9.jar!/com/aventstack/extentreports/templates/spark/macros/recurse_nodes.ftl"
2023-04-04 04:12:10 DEBUG cache:45 - "spark/macros/log.ftl"("en_US", UTF-8, parsed) cached copy not yet stale; using cached.
2023-04-04 04:12:10 DEBUG cache:45 - Couldn't find template in cache for "spark/macros/attr-common.ftl"("en_US", UTF-8, parsed); will try to load it.
2023-04-04 04:12:10 DEBUG cache:45 - TemplateLoader.findTemplateSource("spark/macros/attr-common_en_US.ftl"): Not found
2023-04-04 04:12:10 DEBUG cache:45 - TemplateLoader.findTemplateSource("spark/macros/attr-common_en.ftl"): Not found
2023-04-04 04:12:10 DEBUG cache:45 - TemplateLoader.findTemplateSource("spark/macros/attr-common.ftl"): Found
2023-04-04 04:12:10 DEBUG cache:45 - Loading template for "spark/macros/attr-common.ftl"("en_US", UTF-8, parsed) from "jar:file:/C:/Users/aldwi/.m2/repository/com/aventstack/extentreports/5.0.9/extentreports-5.0.9.jar!/com/aventstack/extentreports/templates/spark/macros/attr-common.ftl"
2023-04-04 04:12:10 DEBUG cache:45 - Couldn't find template in cache for "spark/partials/head.ftl"("en_US", UTF-8, parsed); will try to load it.
2023-04-04 04:12:10 DEBUG cache:45 - TemplateLoader.findTemplateSource("spark/partials/head_en_US.ftl"): Not found
2023-04-04 04:12:10 DEBUG cache:45 - TemplateLoader.findTemplateSource("spark/partials/head_en.ftl"): Not found
2023-04-04 04:12:10 DEBUG cache:45 - TemplateLoader.findTemplateSource("spark/partials/head.ftl"): Found
2023-04-04 04:12:10 DEBUG cache:45 - Loading template for "spark/partials/head.ftl"("en_US", UTF-8, parsed) from "jar:file:/C:/Users/aldwi/.m2/repository/com/aventstack/extentreports/5.0.9/extentreports-5.0.9.jar!/com/aventstack/extentreports/templates/spark/partials/head.ftl"
2023-04-04 04:12:10 DEBUG cache:45 - Couldn't find template in cache for "commons/commons-inject-css.ftl"("en_US", UTF-8, parsed); will try to load it.
2023-04-04 04:12:10 DEBUG cache:45 - TemplateLoader.findTemplateSource("commons/commons-inject-css_en_US.ftl"): Not found
2023-04-04 04:12:10 DEBUG cache:45 - TemplateLoader.findTemplateSource("commons/commons-inject-css_en.ftl"): Not found
2023-04-04 04:12:10 DEBUG cache:45 - TemplateLoader.findTemplateSource("commons/commons-inject-css.ftl"): Found
2023-04-04 04:12:10 DEBUG cache:45 - Loading template for "commons/commons-inject-css.ftl"("en_US", UTF-8, parsed) from "jar:file:/C:/Users/aldwi/.m2/repository/com/aventstack/extentreports/5.0.9/extentreports-5.0.9.jar!/com/aventstack/extentreports/templates/commons/commons-inject-css.ftl"
2023-04-04 04:12:10 DEBUG cache:45 - Couldn't find template in cache for "spark/partials/navbar.ftl"("en_US", UTF-8, parsed); will try to load it.
2023-04-04 04:12:10 DEBUG cache:45 - TemplateLoader.findTemplateSource("spark/partials/navbar_en_US.ftl"): Not found
2023-04-04 04:12:10 DEBUG cache:45 - TemplateLoader.findTemplateSource("spark/partials/navbar_en.ftl"): Not found
2023-04-04 04:12:10 DEBUG cache:45 - TemplateLoader.findTemplateSource("spark/partials/navbar.ftl"): Found
2023-04-04 04:12:10 DEBUG cache:45 - Loading template for "spark/partials/navbar.ftl"("en_US", UTF-8, parsed) from "jar:file:/C:/Users/aldwi/.m2/repository/com/aventstack/extentreports/5.0.9/extentreports-5.0.9.jar!/com/aventstack/extentreports/templates/spark/partials/navbar.ftl"
2023-04-04 04:12:10 DEBUG cache:45 - Couldn't find template in cache for "spark/partials/sidenav.ftl"("en_US", UTF-8, parsed); will try to load it.
2023-04-04 04:12:10 DEBUG cache:45 - TemplateLoader.findTemplateSource("spark/partials/sidenav_en_US.ftl"): Not found
2023-04-04 04:12:10 DEBUG cache:45 - TemplateLoader.findTemplateSource("spark/partials/sidenav_en.ftl"): Not found
2023-04-04 04:12:10 DEBUG cache:45 - TemplateLoader.findTemplateSource("spark/partials/sidenav.ftl"): Found
2023-04-04 04:12:10 DEBUG cache:45 - Loading template for "spark/partials/sidenav.ftl"("en_US", UTF-8, parsed) from "jar:file:/C:/Users/aldwi/.m2/repository/com/aventstack/extentreports/5.0.9/extentreports-5.0.9.jar!/com/aventstack/extentreports/templates/spark/partials/sidenav.ftl"
2023-04-04 04:12:10 DEBUG cache:45 - Couldn't find template in cache for "spark/partials/test.ftl"("en_US", UTF-8, parsed); will try to load it.
2023-04-04 04:12:10 DEBUG cache:45 - TemplateLoader.findTemplateSource("spark/partials/test_en_US.ftl"): Not found
2023-04-04 04:12:10 DEBUG cache:45 - TemplateLoader.findTemplateSource("spark/partials/test_en.ftl"): Not found
2023-04-04 04:12:10 DEBUG cache:45 - TemplateLoader.findTemplateSource("spark/partials/test.ftl"): Found
2023-04-04 04:12:10 DEBUG cache:45 - Loading template for "spark/partials/test.ftl"("en_US", UTF-8, parsed) from "jar:file:/C:/Users/aldwi/.m2/repository/com/aventstack/extentreports/5.0.9/extentreports-5.0.9.jar!/com/aventstack/extentreports/templates/spark/partials/test.ftl"
2023-04-04 04:12:10 DEBUG cache:45 - Couldn't find template in cache for "spark/partials/standard-content.ftl"("en_US", UTF-8, parsed); will try to load it.
2023-04-04 04:12:10 DEBUG cache:45 - TemplateLoader.findTemplateSource("spark/partials/standard-content_en_US.ftl"): Not found
2023-04-04 04:12:10 DEBUG cache:45 - TemplateLoader.findTemplateSource("spark/partials/standard-content_en.ftl"): Not found
2023-04-04 04:12:10 DEBUG cache:45 - TemplateLoader.findTemplateSource("spark/partials/standard-content.ftl"): Found
2023-04-04 04:12:10 DEBUG cache:45 - Loading template for "spark/partials/standard-content.ftl"("en_US", UTF-8, parsed) from "jar:file:/C:/Users/aldwi/.m2/repository/com/aventstack/extentreports/5.0.9/extentreports-5.0.9.jar!/com/aventstack/extentreports/templates/spark/partials/standard-content.ftl"
2023-04-04 04:12:10 DEBUG cache:45 - Couldn't find template in cache for "spark/partials/exception.ftl"("en_US", UTF-8, parsed); will try to load it.
2023-04-04 04:12:10 DEBUG cache:45 - TemplateLoader.findTemplateSource("spark/partials/exception_en_US.ftl"): Not found
2023-04-04 04:12:10 DEBUG cache:45 - TemplateLoader.findTemplateSource("spark/partials/exception_en.ftl"): Not found
2023-04-04 04:12:10 DEBUG cache:45 - TemplateLoader.findTemplateSource("spark/partials/exception.ftl"): Found
2023-04-04 04:12:10 DEBUG cache:45 - Loading template for "spark/partials/exception.ftl"("en_US", UTF-8, parsed) from "jar:file:/C:/Users/aldwi/.m2/repository/com/aventstack/extentreports/5.0.9/extentreports-5.0.9.jar!/com/aventstack/extentreports/templates/spark/partials/exception.ftl"
2023-04-04 04:12:10 DEBUG cache:45 - Couldn't find template in cache for "spark/partials/category.ftl"("en_US", UTF-8, parsed); will try to load it.
2023-04-04 04:12:10 DEBUG cache:45 - TemplateLoader.findTemplateSource("spark/partials/category_en_US.ftl"): Not found
2023-04-04 04:12:10 DEBUG cache:45 - TemplateLoader.findTemplateSource("spark/partials/category_en.ftl"): Not found
2023-04-04 04:12:10 DEBUG cache:45 - TemplateLoader.findTemplateSource("spark/partials/category.ftl"): Found
2023-04-04 04:12:10 DEBUG cache:45 - Loading template for "spark/partials/category.ftl"("en_US", UTF-8, parsed) from "jar:file:/C:/Users/aldwi/.m2/repository/com/aventstack/extentreports/5.0.9/extentreports-5.0.9.jar!/com/aventstack/extentreports/templates/spark/partials/category.ftl"
2023-04-04 04:12:10 DEBUG cache:45 - Couldn't find template in cache for "spark/partials/device.ftl"("en_US", UTF-8, parsed); will try to load it.
2023-04-04 04:12:10 DEBUG cache:45 - TemplateLoader.findTemplateSource("spark/partials/device_en_US.ftl"): Not found
2023-04-04 04:12:10 DEBUG cache:45 - TemplateLoader.findTemplateSource("spark/partials/device_en.ftl"): Not found
2023-04-04 04:12:10 DEBUG cache:45 - TemplateLoader.findTemplateSource("spark/partials/device.ftl"): Found
2023-04-04 04:12:10 DEBUG cache:45 - Loading template for "spark/partials/device.ftl"("en_US", UTF-8, parsed) from "jar:file:/C:/Users/aldwi/.m2/repository/com/aventstack/extentreports/5.0.9/extentreports-5.0.9.jar!/com/aventstack/extentreports/templates/spark/partials/device.ftl"
2023-04-04 04:12:10 DEBUG cache:45 - Couldn't find template in cache for "spark/partials/author.ftl"("en_US", UTF-8, parsed); will try to load it.
2023-04-04 04:12:10 DEBUG cache:45 - TemplateLoader.findTemplateSource("spark/partials/author_en_US.ftl"): Not found
2023-04-04 04:12:10 DEBUG cache:45 - TemplateLoader.findTemplateSource("spark/partials/author_en.ftl"): Not found
2023-04-04 04:12:10 DEBUG cache:45 - TemplateLoader.findTemplateSource("spark/partials/author.ftl"): Found
2023-04-04 04:12:10 DEBUG cache:45 - Loading template for "spark/partials/author.ftl"("en_US", UTF-8, parsed) from "jar:file:/C:/Users/aldwi/.m2/repository/com/aventstack/extentreports/5.0.9/extentreports-5.0.9.jar!/com/aventstack/extentreports/templates/spark/partials/author.ftl"
2023-04-04 04:12:10 DEBUG cache:45 - Couldn't find template in cache for "spark/partials/log.ftl"("en_US", UTF-8, parsed); will try to load it.
2023-04-04 04:12:10 DEBUG cache:45 - TemplateLoader.findTemplateSource("spark/partials/log_en_US.ftl"): Not found
2023-04-04 04:12:10 DEBUG cache:45 - TemplateLoader.findTemplateSource("spark/partials/log_en.ftl"): Not found
2023-04-04 04:12:10 DEBUG cache:45 - TemplateLoader.findTemplateSource("spark/partials/log.ftl"): Found
2023-04-04 04:12:10 DEBUG cache:45 - Loading template for "spark/partials/log.ftl"("en_US", UTF-8, parsed) from "jar:file:/C:/Users/aldwi/.m2/repository/com/aventstack/extentreports/5.0.9/extentreports-5.0.9.jar!/com/aventstack/extentreports/templates/spark/partials/log.ftl"
2023-04-04 04:12:10 DEBUG cache:45 - Couldn't find template in cache for "spark/partials/dashboard.ftl"("en_US", UTF-8, parsed); will try to load it.
2023-04-04 04:12:10 DEBUG cache:45 - TemplateLoader.findTemplateSource("spark/partials/dashboard_en_US.ftl"): Not found
2023-04-04 04:12:10 DEBUG cache:45 - TemplateLoader.findTemplateSource("spark/partials/dashboard_en.ftl"): Not found
2023-04-04 04:12:10 DEBUG cache:45 - TemplateLoader.findTemplateSource("spark/partials/dashboard.ftl"): Found
2023-04-04 04:12:10 DEBUG cache:45 - Loading template for "spark/partials/dashboard.ftl"("en_US", UTF-8, parsed) from "jar:file:/C:/Users/aldwi/.m2/repository/com/aventstack/extentreports/5.0.9/extentreports-5.0.9.jar!/com/aventstack/extentreports/templates/spark/partials/dashboard.ftl"
2023-04-04 04:12:10 DEBUG cache:45 - Couldn't find template in cache for "spark/partials/scripts.ftl"("en_US", UTF-8, parsed); will try to load it.
2023-04-04 04:12:10 DEBUG cache:45 - TemplateLoader.findTemplateSource("spark/partials/scripts_en_US.ftl"): Not found
2023-04-04 04:12:10 DEBUG cache:45 - TemplateLoader.findTemplateSource("spark/partials/scripts_en.ftl"): Not found
2023-04-04 04:12:10 DEBUG cache:45 - TemplateLoader.findTemplateSource("spark/partials/scripts.ftl"): Found
2023-04-04 04:12:10 DEBUG cache:45 - Loading template for "spark/partials/scripts.ftl"("en_US", UTF-8, parsed) from "jar:file:/C:/Users/aldwi/.m2/repository/com/aventstack/extentreports/5.0.9/extentreports-5.0.9.jar!/com/aventstack/extentreports/templates/spark/partials/scripts.ftl"
2023-04-04 04:12:10 DEBUG cache:45 - Couldn't find template in cache for "commons/commons-inject-js.ftl"("en_US", UTF-8, parsed); will try to load it.
2023-04-04 04:12:10 DEBUG cache:45 - TemplateLoader.findTemplateSource("commons/commons-inject-js_en_US.ftl"): Not found
2023-04-04 04:12:10 DEBUG cache:45 - TemplateLoader.findTemplateSource("commons/commons-inject-js_en.ftl"): Not found
2023-04-04 04:12:10 DEBUG cache:45 - TemplateLoader.findTemplateSource("commons/commons-inject-js.ftl"): Found
2023-04-04 04:12:10 DEBUG cache:45 - Loading template for "commons/commons-inject-js.ftl"("en_US", UTF-8, parsed) from "jar:file:/C:/Users/aldwi/.m2/repository/com/aventstack/extentreports/5.0.9/extentreports-5.0.9.jar!/com/aventstack/extentreports/templates/commons/commons-inject-js.ftl"
2023-04-04 04:12:10 DEBUG Steps:382 - Entered 'aldwin lagman' on 'Search' text box
2023-04-04 04:12:12 DEBUG Steps:382 - Clicked 'Google Search'
2023-04-04 04:12:12 DEBUG Steps:382 - Clicked 'Aldwin Lagman - Test Automation Engineer - RCG Global ...'
]]></system-out>
    <system-err><![CDATA[Starting Microsoft Edge WebDriver 111.0.1661.62 (0a8f453929e6410c973aa529a40485ce4e3e03db) on port 25048
To submit feedback, report a bug, or suggest new features, please visit https://github.com/MicrosoftEdge/EdgeWebDriver

Only local connections are allowed.
Please see https://aka.ms/WebDriverSecurity for suggestions on keeping Microsoft Edge WebDriver safe.

Microsoft Edge WebDriver was started successfully.
Apr 04, 2023 4:12:09 AM org.openqa.selenium.remote.ProtocolHandshake createSession
INFO: Detected dialect: W3C
]]></system-err>
  </testcase>
  <testcase name="testExtentReport" classname="tests.examples.GoogleTest" time="64.41">
    <failure message="no such window: target window already closed&#10;from unknown error: web view not found&#10;  (Session info: MicrosoftEdge=111.0.1661.62)&#10;Build info: version: &apos;3.141.59&apos;, revision: &apos;e82be7d358&apos;, time: &apos;2018-11-14T08:17:03&apos;&#10;System info: host: &apos;DESKTOP-DJHFN66&apos;, ip: &apos;192.168.0.137&apos;, os.name: &apos;Windows 11&apos;, os.arch: &apos;amd64&apos;, os.version: &apos;10.0&apos;, java.version: &apos;17.0.6&apos;&#10;Driver info: org.openqa.selenium.edge.EdgeDriver&#10;Capabilities {acceptInsecureCerts: false, browserName: msedge, browserVersion: 111.0.1661.62, javascriptEnabled: true, ms:edgeOptions: {debuggerAddress: localhost:65467}, msedge: {msedgedriverVersion: 111.0.1661.62 (0a8f453929e6..., userDataDir: C:\Users\aldwi\AppData\Loca...}, networkConnectionEnabled: false, pageLoadStrategy: normal, platform: WINDOWS, platformName: WINDOWS, proxy: Proxy(), setWindowRect: true, strictFileInteractability: false, timeouts: {implicit: 0, pageLoad: 300000, script: 30000}, unhandledPromptBehavior: dismiss and notify, webauthn:extension:credBlob: true, webauthn:extension:largeBlob: true, webauthn:extension:minPinLength: true, webauthn:extension:prf: true, webauthn:virtualAuthenticators: true}&#10;Session ID: 3f75bba52824d45c36e0f00a371170e4&#10;*** Element info: {Using=xpath, value=//*[@name=&apos;q&apos;]}" type="org.openqa.selenium.NoSuchWindowException"><![CDATA[org.openqa.selenium.NoSuchWindowException: 
no such window: target window already closed
from unknown error: web view not found
  (Session info: MicrosoftEdge=111.0.1661.62)
Build info: version: '3.141.59', revision: 'e82be7d358', time: '2018-11-14T08:17:03'
System info: host: 'DESKTOP-DJHFN66', ip: '192.168.0.137', os.name: 'Windows 11', os.arch: 'amd64', os.version: '10.0', java.version: '17.0.6'
Driver info: org.openqa.selenium.edge.EdgeDriver
Capabilities {acceptInsecureCerts: false, browserName: msedge, browserVersion: 111.0.1661.62, javascriptEnabled: true, ms:edgeOptions: {debuggerAddress: localhost:65467}, msedge: {msedgedriverVersion: 111.0.1661.62 (0a8f453929e6..., userDataDir: C:\Users\aldwi\AppData\Loca...}, networkConnectionEnabled: false, pageLoadStrategy: normal, platform: WINDOWS, platformName: WINDOWS, proxy: Proxy(), setWindowRect: true, strictFileInteractability: false, timeouts: {implicit: 0, pageLoad: 300000, script: 30000}, unhandledPromptBehavior: dismiss and notify, webauthn:extension:credBlob: true, webauthn:extension:largeBlob: true, webauthn:extension:minPinLength: true, webauthn:extension:prf: true, webauthn:virtualAuthenticators: true}
Session ID: 3f75bba52824d45c36e0f00a371170e4
*** Element info: {Using=xpath, value=//*[@name='q']}
	at jdk.internal.reflect.GeneratedConstructorAccessor8.newInstance(Unknown Source)
	at java.base/jdk.internal.reflect.DelegatingConstructorAccessorImpl.newInstance(DelegatingConstructorAccessorImpl.java:45)
	at java.base/java.lang.reflect.Constructor.newInstanceWithCaller(Constructor.java:499)
	at java.base/java.lang.reflect.Constructor.newInstance(Constructor.java:480)
	at org.openqa.selenium.remote.http.W3CHttpResponseCodec.createException(W3CHttpResponseCodec.java:187)
	at org.openqa.selenium.remote.http.W3CHttpResponseCodec.decode(W3CHttpResponseCodec.java:122)
	at org.openqa.selenium.remote.http.W3CHttpResponseCodec.decode(W3CHttpResponseCodec.java:49)
	at org.openqa.selenium.remote.HttpCommandExecutor.execute(HttpCommandExecutor.java:158)
	at org.openqa.selenium.remote.service.DriverCommandExecutor.execute(DriverCommandExecutor.java:83)
	at org.openqa.selenium.remote.RemoteWebDriver.execute(RemoteWebDriver.java:552)
	at org.openqa.selenium.remote.RemoteWebDriver.findElement(RemoteWebDriver.java:323)
	at org.openqa.selenium.remote.RemoteWebDriver.findElementByXPath(RemoteWebDriver.java:428)
	at org.openqa.selenium.By$ByXPath.findElement(By.java:353)
	at org.openqa.selenium.remote.RemoteWebDriver.findElement(RemoteWebDriver.java:315)
	at org.openqa.selenium.support.pagefactory.DefaultElementLocator.findElement(DefaultElementLocator.java:69)
	at org.openqa.selenium.support.pagefactory.internal.LocatingElementHandler.invoke(LocatingElementHandler.java:38)
	at jdk.proxy2/jdk.proxy2.$Proxy13.toString(Unknown Source)
	at java.base/java.lang.String.valueOf(String.java:4216)
	at java.base/java.lang.StringBuilder.append(StringBuilder.java:173)
	at org.openqa.selenium.support.ui.ExpectedConditions$10.toString(ExpectedConditions.java:305)
	at java.base/java.lang.String.valueOf(String.java:4216)
	at java.base/java.lang.StringBuilder.append(StringBuilder.java:173)
	at org.openqa.selenium.support.ui.FluentWait.until(FluentWait.java:268)
	at utils.Steps.waitElement(Steps.java:32)
	at utils.Steps.sendKeys(Steps.java:144)
	at tests.examples.GoogleTest.testExtentReport(GoogleTest.java:53)
	at java.base/jdk.internal.reflect.NativeMethodAccessorImpl.invoke0(Native Method)
	at java.base/jdk.internal.reflect.NativeMethodAccessorImpl.invoke(NativeMethodAccessorImpl.java:77)
	at java.base/jdk.internal.reflect.DelegatingMethodAccessorImpl.invoke(DelegatingMethodAccessorImpl.java:43)
	at java.base/java.lang.reflect.Method.invoke(Method.java:568)
	at org.testng.internal.invokers.MethodInvocationHelper.invokeMethod(MethodInvocationHelper.java:139)
	at org.testng.internal.invokers.TestInvoker.invokeMethod(TestInvoker.java:677)
	at org.testng.internal.invokers.TestInvoker.invokeTestMethod(TestInvoker.java:221)
	at org.testng.internal.invokers.MethodRunner.runInSequence(MethodRunner.java:50)
	at org.testng.internal.invokers.TestInvoker$MethodInvocationAgent.invoke(TestInvoker.java:969)
	at org.testng.internal.invokers.TestInvoker.invokeTestMethods(TestInvoker.java:194)
	at org.testng.internal.invokers.TestMethodWorker.invokeTestMethods(TestMethodWorker.java:148)
	at org.testng.internal.invokers.TestMethodWorker.run(TestMethodWorker.java:128)
	at java.base/java.util.ArrayList.forEach(ArrayList.java:1511)
	at org.testng.TestRunner.privateRun(TestRunner.java:829)
	at org.testng.TestRunner.run(TestRunner.java:602)
	at org.testng.SuiteRunner.runTest(SuiteRunner.java:437)
	at org.testng.SuiteRunner.runSequentially(SuiteRunner.java:431)
	at org.testng.SuiteRunner.privateRun(SuiteRunner.java:391)
	at org.testng.SuiteRunner.run(SuiteRunner.java:330)
	at org.testng.SuiteRunnerWorker.runSuite(SuiteRunnerWorker.java:52)
	at org.testng.SuiteRunnerWorker.run(SuiteRunnerWorker.java:95)
	at org.testng.TestNG.runSuitesSequentially(TestNG.java:1256)
	at org.testng.TestNG.runSuitesLocally(TestNG.java:1176)
	at org.testng.TestNG.runSuites(TestNG.java:1099)
	at org.testng.TestNG.run(TestNG.java:1067)
	at org.apache.maven.surefire.testng.TestNGExecutor.run(TestNGExecutor.java:155)
	at org.apache.maven.surefire.testng.TestNGDirectoryTestSuite.executeSingleClass(TestNGDirectoryTestSuite.java:102)
	at org.apache.maven.surefire.testng.TestNGDirectoryTestSuite.execute(TestNGDirectoryTestSuite.java:91)
	at org.apache.maven.surefire.testng.TestNGProvider.invoke(TestNGProvider.java:137)
	at org.apache.maven.surefire.booter.ForkedBooter.runSuitesInProcess(ForkedBooter.java:385)
	at org.apache.maven.surefire.booter.ForkedBooter.execute(ForkedBooter.java:162)
	at org.apache.maven.surefire.booter.ForkedBooter.run(ForkedBooter.java:507)
	at org.apache.maven.surefire.booter.ForkedBooter.main(ForkedBooter.java:495)
]]></failure>
    <system-out><![CDATA[2023-04-04 04:12:17 DEBUG Steps:382 - Navigated to https://www.google.com/
2023-04-04 04:12:17 DEBUG cache:45 - TemplateLoader.findTemplateSource("spark/spark.spa_en_US.ftl"): Not found
2023-04-04 04:12:17 DEBUG cache:45 - TemplateLoader.findTemplateSource("spark/spark.spa_en.ftl"): Not found
2023-04-04 04:12:17 DEBUG cache:45 - TemplateLoader.findTemplateSource("spark/spark.spa.ftl"): Found
2023-04-04 04:12:17 DEBUG cache:45 - "spark/spark.spa.ftl"("en_US", UTF-8, parsed): using cached since jar:file:/C:/Users/aldwi/.m2/repository/com/aventstack/extentreports/5.0.9/extentreports-5.0.9.jar!/com/aventstack/extentreports/templates/spark/spark.spa.ftl hasn't changed.
2023-04-04 04:12:17 DEBUG cache:45 - TemplateLoader.findTemplateSource("commons/commons-variables_en_US.ftl"): Not found
2023-04-04 04:12:17 DEBUG cache:45 - TemplateLoader.findTemplateSource("commons/commons-variables_en.ftl"): Not found
2023-04-04 04:12:17 DEBUG cache:45 - TemplateLoader.findTemplateSource("commons/commons-variables.ftl"): Found
2023-04-04 04:12:17 DEBUG cache:45 - "commons/commons-variables.ftl"("en_US", UTF-8, parsed): using cached since jar:file:/C:/Users/aldwi/.m2/repository/com/aventstack/extentreports/5.0.9/extentreports-5.0.9.jar!/com/aventstack/extentreports/templates/commons/commons-variables.ftl hasn't changed.
2023-04-04 04:12:17 DEBUG cache:45 - TemplateLoader.findTemplateSource("commons/commons-macros_en_US.ftl"): Not found
2023-04-04 04:12:17 DEBUG cache:45 - TemplateLoader.findTemplateSource("commons/commons-macros_en.ftl"): Not found
2023-04-04 04:12:17 DEBUG cache:45 - TemplateLoader.findTemplateSource("commons/commons-macros.ftl"): Found
2023-04-04 04:12:17 DEBUG cache:45 - "commons/commons-macros.ftl"("en_US", UTF-8, parsed): using cached since jar:file:/C:/Users/aldwi/.m2/repository/com/aventstack/extentreports/5.0.9/extentreports-5.0.9.jar!/com/aventstack/extentreports/templates/commons/commons-macros.ftl hasn't changed.
2023-04-04 04:12:17 DEBUG cache:45 - TemplateLoader.findTemplateSource("spark/macros/attributes_en_US.ftl"): Not found
2023-04-04 04:12:17 DEBUG cache:45 - TemplateLoader.findTemplateSource("spark/macros/attributes_en.ftl"): Not found
2023-04-04 04:12:17 DEBUG cache:45 - TemplateLoader.findTemplateSource("spark/macros/attributes.ftl"): Found
2023-04-04 04:12:17 DEBUG cache:45 - "spark/macros/attributes.ftl"("en_US", UTF-8, parsed): using cached since jar:file:/C:/Users/aldwi/.m2/repository/com/aventstack/extentreports/5.0.9/extentreports-5.0.9.jar!/com/aventstack/extentreports/templates/spark/macros/attributes.ftl hasn't changed.
2023-04-04 04:12:17 DEBUG cache:45 - TemplateLoader.findTemplateSource("spark/macros/log_en_US.ftl"): Not found
2023-04-04 04:12:17 DEBUG cache:45 - TemplateLoader.findTemplateSource("spark/macros/log_en.ftl"): Not found
2023-04-04 04:12:17 DEBUG cache:45 - TemplateLoader.findTemplateSource("spark/macros/log.ftl"): Found
2023-04-04 04:12:17 DEBUG cache:45 - "spark/macros/log.ftl"("en_US", UTF-8, parsed): using cached since jar:file:/C:/Users/aldwi/.m2/repository/com/aventstack/extentreports/5.0.9/extentreports-5.0.9.jar!/com/aventstack/extentreports/templates/spark/macros/log.ftl hasn't changed.
2023-04-04 04:12:17 DEBUG cache:45 - TemplateLoader.findTemplateSource("spark/macros/recurse_nodes_en_US.ftl"): Not found
2023-04-04 04:12:17 DEBUG cache:45 - TemplateLoader.findTemplateSource("spark/macros/recurse_nodes_en.ftl"): Not found
2023-04-04 04:12:17 DEBUG cache:45 - TemplateLoader.findTemplateSource("spark/macros/recurse_nodes.ftl"): Found
2023-04-04 04:12:17 DEBUG cache:45 - "spark/macros/recurse_nodes.ftl"("en_US", UTF-8, parsed): using cached since jar:file:/C:/Users/aldwi/.m2/repository/com/aventstack/extentreports/5.0.9/extentreports-5.0.9.jar!/com/aventstack/extentreports/templates/spark/macros/recurse_nodes.ftl hasn't changed.
2023-04-04 04:12:17 DEBUG cache:45 - "spark/macros/log.ftl"("en_US", UTF-8, parsed) cached copy not yet stale; using cached.
2023-04-04 04:12:17 DEBUG cache:45 - TemplateLoader.findTemplateSource("spark/macros/attr-common_en_US.ftl"): Not found
2023-04-04 04:12:17 DEBUG cache:45 - TemplateLoader.findTemplateSource("spark/macros/attr-common_en.ftl"): Not found
2023-04-04 04:12:17 DEBUG cache:45 - TemplateLoader.findTemplateSource("spark/macros/attr-common.ftl"): Found
2023-04-04 04:12:17 DEBUG cache:45 - "spark/macros/attr-common.ftl"("en_US", UTF-8, parsed): using cached since jar:file:/C:/Users/aldwi/.m2/repository/com/aventstack/extentreports/5.0.9/extentreports-5.0.9.jar!/com/aventstack/extentreports/templates/spark/macros/attr-common.ftl hasn't changed.
2023-04-04 04:12:17 DEBUG cache:45 - TemplateLoader.findTemplateSource("spark/partials/head_en_US.ftl"): Not found
2023-04-04 04:12:17 DEBUG cache:45 - TemplateLoader.findTemplateSource("spark/partials/head_en.ftl"): Not found
2023-04-04 04:12:17 DEBUG cache:45 - TemplateLoader.findTemplateSource("spark/partials/head.ftl"): Found
2023-04-04 04:12:17 DEBUG cache:45 - "spark/partials/head.ftl"("en_US", UTF-8, parsed): using cached since jar:file:/C:/Users/aldwi/.m2/repository/com/aventstack/extentreports/5.0.9/extentreports-5.0.9.jar!/com/aventstack/extentreports/templates/spark/partials/head.ftl hasn't changed.
2023-04-04 04:12:17 DEBUG cache:45 - TemplateLoader.findTemplateSource("commons/commons-inject-css_en_US.ftl"): Not found
2023-04-04 04:12:17 DEBUG cache:45 - TemplateLoader.findTemplateSource("commons/commons-inject-css_en.ftl"): Not found
2023-04-04 04:12:17 DEBUG cache:45 - TemplateLoader.findTemplateSource("commons/commons-inject-css.ftl"): Found
2023-04-04 04:12:17 DEBUG cache:45 - "commons/commons-inject-css.ftl"("en_US", UTF-8, parsed): using cached since jar:file:/C:/Users/aldwi/.m2/repository/com/aventstack/extentreports/5.0.9/extentreports-5.0.9.jar!/com/aventstack/extentreports/templates/commons/commons-inject-css.ftl hasn't changed.
2023-04-04 04:12:17 DEBUG cache:45 - TemplateLoader.findTemplateSource("spark/partials/navbar_en_US.ftl"): Not found
2023-04-04 04:12:17 DEBUG cache:45 - TemplateLoader.findTemplateSource("spark/partials/navbar_en.ftl"): Not found
2023-04-04 04:12:17 DEBUG cache:45 - TemplateLoader.findTemplateSource("spark/partials/navbar.ftl"): Found
2023-04-04 04:12:17 DEBUG cache:45 - "spark/partials/navbar.ftl"("en_US", UTF-8, parsed): using cached since jar:file:/C:/Users/aldwi/.m2/repository/com/aventstack/extentreports/5.0.9/extentreports-5.0.9.jar!/com/aventstack/extentreports/templates/spark/partials/navbar.ftl hasn't changed.
2023-04-04 04:12:17 DEBUG cache:45 - TemplateLoader.findTemplateSource("spark/partials/sidenav_en_US.ftl"): Not found
2023-04-04 04:12:17 DEBUG cache:45 - TemplateLoader.findTemplateSource("spark/partials/sidenav_en.ftl"): Not found
2023-04-04 04:12:17 DEBUG cache:45 - TemplateLoader.findTemplateSource("spark/partials/sidenav.ftl"): Found
2023-04-04 04:12:17 DEBUG cache:45 - "spark/partials/sidenav.ftl"("en_US", UTF-8, parsed): using cached since jar:file:/C:/Users/aldwi/.m2/repository/com/aventstack/extentreports/5.0.9/extentreports-5.0.9.jar!/com/aventstack/extentreports/templates/spark/partials/sidenav.ftl hasn't changed.
2023-04-04 04:12:17 DEBUG cache:45 - TemplateLoader.findTemplateSource("spark/partials/test_en_US.ftl"): Not found
2023-04-04 04:12:17 DEBUG cache:45 - TemplateLoader.findTemplateSource("spark/partials/test_en.ftl"): Not found
2023-04-04 04:12:17 DEBUG cache:45 - TemplateLoader.findTemplateSource("spark/partials/test.ftl"): Found
2023-04-04 04:12:17 DEBUG cache:45 - "spark/partials/test.ftl"("en_US", UTF-8, parsed): using cached since jar:file:/C:/Users/aldwi/.m2/repository/com/aventstack/extentreports/5.0.9/extentreports-5.0.9.jar!/com/aventstack/extentreports/templates/spark/partials/test.ftl hasn't changed.
2023-04-04 04:12:17 DEBUG cache:45 - TemplateLoader.findTemplateSource("spark/partials/standard-content_en_US.ftl"): Not found
2023-04-04 04:12:17 DEBUG cache:45 - TemplateLoader.findTemplateSource("spark/partials/standard-content_en.ftl"): Not found
2023-04-04 04:12:17 DEBUG cache:45 - TemplateLoader.findTemplateSource("spark/partials/standard-content.ftl"): Found
2023-04-04 04:12:17 DEBUG cache:45 - "spark/partials/standard-content.ftl"("en_US", UTF-8, parsed): using cached since jar:file:/C:/Users/aldwi/.m2/repository/com/aventstack/extentreports/5.0.9/extentreports-5.0.9.jar!/com/aventstack/extentreports/templates/spark/partials/standard-content.ftl hasn't changed.
2023-04-04 04:12:17 DEBUG cache:45 - "spark/partials/standard-content.ftl"("en_US", UTF-8, parsed) cached copy not yet stale; using cached.
2023-04-04 04:12:17 DEBUG cache:45 - TemplateLoader.findTemplateSource("spark/partials/exception_en_US.ftl"): Not found
2023-04-04 04:12:17 DEBUG cache:45 - TemplateLoader.findTemplateSource("spark/partials/exception_en.ftl"): Not found
2023-04-04 04:12:17 DEBUG cache:45 - TemplateLoader.findTemplateSource("spark/partials/exception.ftl"): Found
2023-04-04 04:12:17 DEBUG cache:45 - "spark/partials/exception.ftl"("en_US", UTF-8, parsed): using cached since jar:file:/C:/Users/aldwi/.m2/repository/com/aventstack/extentreports/5.0.9/extentreports-5.0.9.jar!/com/aventstack/extentreports/templates/spark/partials/exception.ftl hasn't changed.
2023-04-04 04:12:17 DEBUG cache:45 - TemplateLoader.findTemplateSource("spark/partials/category_en_US.ftl"): Not found
2023-04-04 04:12:17 DEBUG cache:45 - TemplateLoader.findTemplateSource("spark/partials/category_en.ftl"): Not found
2023-04-04 04:12:17 DEBUG cache:45 - TemplateLoader.findTemplateSource("spark/partials/category.ftl"): Found
2023-04-04 04:12:17 DEBUG cache:45 - "spark/partials/category.ftl"("en_US", UTF-8, parsed): using cached since jar:file:/C:/Users/aldwi/.m2/repository/com/aventstack/extentreports/5.0.9/extentreports-5.0.9.jar!/com/aventstack/extentreports/templates/spark/partials/category.ftl hasn't changed.
2023-04-04 04:12:17 DEBUG cache:45 - TemplateLoader.findTemplateSource("spark/partials/device_en_US.ftl"): Not found
2023-04-04 04:12:17 DEBUG cache:45 - TemplateLoader.findTemplateSource("spark/partials/device_en.ftl"): Not found
2023-04-04 04:12:17 DEBUG cache:45 - TemplateLoader.findTemplateSource("spark/partials/device.ftl"): Found
2023-04-04 04:12:17 DEBUG cache:45 - "spark/partials/device.ftl"("en_US", UTF-8, parsed): using cached since jar:file:/C:/Users/aldwi/.m2/repository/com/aventstack/extentreports/5.0.9/extentreports-5.0.9.jar!/com/aventstack/extentreports/templates/spark/partials/device.ftl hasn't changed.
2023-04-04 04:12:17 DEBUG cache:45 - TemplateLoader.findTemplateSource("spark/partials/author_en_US.ftl"): Not found
2023-04-04 04:12:17 DEBUG cache:45 - TemplateLoader.findTemplateSource("spark/partials/author_en.ftl"): Not found
2023-04-04 04:12:17 DEBUG cache:45 - TemplateLoader.findTemplateSource("spark/partials/author.ftl"): Found
2023-04-04 04:12:17 DEBUG cache:45 - "spark/partials/author.ftl"("en_US", UTF-8, parsed): using cached since jar:file:/C:/Users/aldwi/.m2/repository/com/aventstack/extentreports/5.0.9/extentreports-5.0.9.jar!/com/aventstack/extentreports/templates/spark/partials/author.ftl hasn't changed.
2023-04-04 04:12:17 DEBUG cache:45 - TemplateLoader.findTemplateSource("spark/partials/log_en_US.ftl"): Not found
2023-04-04 04:12:17 DEBUG cache:45 - TemplateLoader.findTemplateSource("spark/partials/log_en.ftl"): Not found
2023-04-04 04:12:17 DEBUG cache:45 - TemplateLoader.findTemplateSource("spark/partials/log.ftl"): Found
2023-04-04 04:12:17 DEBUG cache:45 - "spark/partials/log.ftl"("en_US", UTF-8, parsed): using cached since jar:file:/C:/Users/aldwi/.m2/repository/com/aventstack/extentreports/5.0.9/extentreports-5.0.9.jar!/com/aventstack/extentreports/templates/spark/partials/log.ftl hasn't changed.
2023-04-04 04:12:17 DEBUG cache:45 - TemplateLoader.findTemplateSource("spark/partials/dashboard_en_US.ftl"): Not found
2023-04-04 04:12:17 DEBUG cache:45 - TemplateLoader.findTemplateSource("spark/partials/dashboard_en.ftl"): Not found
2023-04-04 04:12:17 DEBUG cache:45 - TemplateLoader.findTemplateSource("spark/partials/dashboard.ftl"): Found
2023-04-04 04:12:17 DEBUG cache:45 - "spark/partials/dashboard.ftl"("en_US", UTF-8, parsed): using cached since jar:file:/C:/Users/aldwi/.m2/repository/com/aventstack/extentreports/5.0.9/extentreports-5.0.9.jar!/com/aventstack/extentreports/templates/spark/partials/dashboard.ftl hasn't changed.
2023-04-04 04:12:17 DEBUG cache:45 - TemplateLoader.findTemplateSource("spark/partials/scripts_en_US.ftl"): Not found
2023-04-04 04:12:17 DEBUG cache:45 - TemplateLoader.findTemplateSource("spark/partials/scripts_en.ftl"): Not found
2023-04-04 04:12:17 DEBUG cache:45 - TemplateLoader.findTemplateSource("spark/partials/scripts.ftl"): Found
2023-04-04 04:12:17 DEBUG cache:45 - "spark/partials/scripts.ftl"("en_US", UTF-8, parsed): using cached since jar:file:/C:/Users/aldwi/.m2/repository/com/aventstack/extentreports/5.0.9/extentreports-5.0.9.jar!/com/aventstack/extentreports/templates/spark/partials/scripts.ftl hasn't changed.
2023-04-04 04:12:17 DEBUG cache:45 - TemplateLoader.findTemplateSource("commons/commons-inject-js_en_US.ftl"): Not found
2023-04-04 04:12:17 DEBUG cache:45 - TemplateLoader.findTemplateSource("commons/commons-inject-js_en.ftl"): Not found
2023-04-04 04:12:17 DEBUG cache:45 - TemplateLoader.findTemplateSource("commons/commons-inject-js.ftl"): Found
2023-04-04 04:12:17 DEBUG cache:45 - "commons/commons-inject-js.ftl"("en_US", UTF-8, parsed): using cached since jar:file:/C:/Users/aldwi/.m2/repository/com/aventstack/extentreports/5.0.9/extentreports-5.0.9.jar!/com/aventstack/extentreports/templates/commons/commons-inject-js.ftl hasn't changed.
2023-04-04 04:12:17 DEBUG cache:45 - "spark/spark.spa.ftl"("en_US", UTF-8, parsed) cached copy not yet stale; using cached.
2023-04-04 04:12:17 DEBUG cache:45 - "commons/commons-variables.ftl"("en_US", UTF-8, parsed) cached copy not yet stale; using cached.
2023-04-04 04:12:17 DEBUG cache:45 - "commons/commons-macros.ftl"("en_US", UTF-8, parsed) cached copy not yet stale; using cached.
2023-04-04 04:12:17 DEBUG cache:45 - "spark/macros/attributes.ftl"("en_US", UTF-8, parsed) cached copy not yet stale; using cached.
2023-04-04 04:12:17 DEBUG cache:45 - "spark/macros/log.ftl"("en_US", UTF-8, parsed) cached copy not yet stale; using cached.
2023-04-04 04:12:17 DEBUG cache:45 - "spark/macros/recurse_nodes.ftl"("en_US", UTF-8, parsed) cached copy not yet stale; using cached.
2023-04-04 04:12:17 DEBUG cache:45 - "spark/macros/log.ftl"("en_US", UTF-8, parsed) cached copy not yet stale; using cached.
2023-04-04 04:12:17 DEBUG cache:45 - "spark/macros/attr-common.ftl"("en_US", UTF-8, parsed) cached copy not yet stale; using cached.
2023-04-04 04:12:17 DEBUG cache:45 - "spark/partials/head.ftl"("en_US", UTF-8, parsed) cached copy not yet stale; using cached.
2023-04-04 04:12:17 DEBUG cache:45 - "commons/commons-inject-css.ftl"("en_US", UTF-8, parsed) cached copy not yet stale; using cached.
2023-04-04 04:12:17 DEBUG cache:45 - "spark/partials/navbar.ftl"("en_US", UTF-8, parsed) cached copy not yet stale; using cached.
2023-04-04 04:12:17 DEBUG cache:45 - "spark/partials/sidenav.ftl"("en_US", UTF-8, parsed) cached copy not yet stale; using cached.
2023-04-04 04:12:17 DEBUG cache:45 - "spark/partials/test.ftl"("en_US", UTF-8, parsed) cached copy not yet stale; using cached.
2023-04-04 04:12:17 DEBUG cache:45 - "spark/partials/standard-content.ftl"("en_US", UTF-8, parsed) cached copy not yet stale; using cached.
2023-04-04 04:12:17 DEBUG cache:45 - "spark/partials/standard-content.ftl"("en_US", UTF-8, parsed) cached copy not yet stale; using cached.
2023-04-04 04:12:17 DEBUG cache:45 - "spark/partials/exception.ftl"("en_US", UTF-8, parsed) cached copy not yet stale; using cached.
2023-04-04 04:12:17 DEBUG cache:45 - "spark/partials/category.ftl"("en_US", UTF-8, parsed) cached copy not yet stale; using cached.
2023-04-04 04:12:17 DEBUG cache:45 - "spark/partials/device.ftl"("en_US", UTF-8, parsed) cached copy not yet stale; using cached.
2023-04-04 04:12:17 DEBUG cache:45 - "spark/partials/author.ftl"("en_US", UTF-8, parsed) cached copy not yet stale; using cached.
2023-04-04 04:12:17 DEBUG cache:45 - "spark/partials/log.ftl"("en_US", UTF-8, parsed) cached copy not yet stale; using cached.
2023-04-04 04:12:17 DEBUG cache:45 - "spark/partials/dashboard.ftl"("en_US", UTF-8, parsed) cached copy not yet stale; using cached.
2023-04-04 04:12:17 DEBUG cache:45 - "spark/partials/scripts.ftl"("en_US", UTF-8, parsed) cached copy not yet stale; using cached.
2023-04-04 04:12:17 DEBUG cache:45 - "commons/commons-inject-js.ftl"("en_US", UTF-8, parsed) cached copy not yet stale; using cached.
]]></system-out>
  </testcase>
  <testcase name="whatsMyIp" classname="tests.examples.GoogleTest" time="0.004">
    <failure message="no such window: target window already closed&#10;from unknown error: web view not found&#10;  (Session info: MicrosoftEdge=111.0.1661.62)&#10;Build info: version: &apos;3.141.59&apos;, revision: &apos;e82be7d358&apos;, time: &apos;2018-11-14T08:17:03&apos;&#10;System info: host: &apos;DESKTOP-DJHFN66&apos;, ip: &apos;192.168.0.137&apos;, os.name: &apos;Windows 11&apos;, os.arch: &apos;amd64&apos;, os.version: &apos;10.0&apos;, java.version: &apos;17.0.6&apos;&#10;Driver info: org.openqa.selenium.edge.EdgeDriver&#10;Capabilities {acceptInsecureCerts: false, browserName: msedge, browserVersion: 111.0.1661.62, javascriptEnabled: true, ms:edgeOptions: {debuggerAddress: localhost:65467}, msedge: {msedgedriverVersion: 111.0.1661.62 (0a8f453929e6..., userDataDir: C:\Users\aldwi\AppData\Loca...}, networkConnectionEnabled: false, pageLoadStrategy: normal, platform: WINDOWS, platformName: WINDOWS, proxy: Proxy(), setWindowRect: true, strictFileInteractability: false, timeouts: {implicit: 0, pageLoad: 300000, script: 30000}, unhandledPromptBehavior: dismiss and notify, webauthn:extension:credBlob: true, webauthn:extension:largeBlob: true, webauthn:extension:minPinLength: true, webauthn:extension:prf: true, webauthn:virtualAuthenticators: true}&#10;Session ID: 3f75bba52824d45c36e0f00a371170e4" type="org.openqa.selenium.NoSuchWindowException"><![CDATA[org.openqa.selenium.NoSuchWindowException: 
no such window: target window already closed
from unknown error: web view not found
  (Session info: MicrosoftEdge=111.0.1661.62)
Build info: version: '3.141.59', revision: 'e82be7d358', time: '2018-11-14T08:17:03'
System info: host: 'DESKTOP-DJHFN66', ip: '192.168.0.137', os.name: 'Windows 11', os.arch: 'amd64', os.version: '10.0', java.version: '17.0.6'
Driver info: org.openqa.selenium.edge.EdgeDriver
Capabilities {acceptInsecureCerts: false, browserName: msedge, browserVersion: 111.0.1661.62, javascriptEnabled: true, ms:edgeOptions: {debuggerAddress: localhost:65467}, msedge: {msedgedriverVersion: 111.0.1661.62 (0a8f453929e6..., userDataDir: C:\Users\aldwi\AppData\Loca...}, networkConnectionEnabled: false, pageLoadStrategy: normal, platform: WINDOWS, platformName: WINDOWS, proxy: Proxy(), setWindowRect: true, strictFileInteractability: false, timeouts: {implicit: 0, pageLoad: 300000, script: 30000}, unhandledPromptBehavior: dismiss and notify, webauthn:extension:credBlob: true, webauthn:extension:largeBlob: true, webauthn:extension:minPinLength: true, webauthn:extension:prf: true, webauthn:virtualAuthenticators: true}
Session ID: 3f75bba52824d45c36e0f00a371170e4
	at jdk.internal.reflect.GeneratedConstructorAccessor8.newInstance(Unknown Source)
	at java.base/jdk.internal.reflect.DelegatingConstructorAccessorImpl.newInstance(DelegatingConstructorAccessorImpl.java:45)
	at java.base/java.lang.reflect.Constructor.newInstanceWithCaller(Constructor.java:499)
	at java.base/java.lang.reflect.Constructor.newInstance(Constructor.java:480)
	at org.openqa.selenium.remote.http.W3CHttpResponseCodec.createException(W3CHttpResponseCodec.java:187)
	at org.openqa.selenium.remote.http.W3CHttpResponseCodec.decode(W3CHttpResponseCodec.java:122)
	at org.openqa.selenium.remote.http.W3CHttpResponseCodec.decode(W3CHttpResponseCodec.java:49)
	at org.openqa.selenium.remote.HttpCommandExecutor.execute(HttpCommandExecutor.java:158)
	at org.openqa.selenium.remote.service.DriverCommandExecutor.execute(DriverCommandExecutor.java:83)
	at org.openqa.selenium.remote.RemoteWebDriver.execute(RemoteWebDriver.java:552)
	at org.openqa.selenium.remote.RemoteWebDriver.get(RemoteWebDriver.java:277)
	at utils.Steps.launchBrowser(Steps.java:119)
	at tests.examples.GoogleTest.whatsMyIp(GoogleTest.java:25)
	at java.base/jdk.internal.reflect.NativeMethodAccessorImpl.invoke0(Native Method)
	at java.base/jdk.internal.reflect.NativeMethodAccessorImpl.invoke(NativeMethodAccessorImpl.java:77)
	at java.base/jdk.internal.reflect.DelegatingMethodAccessorImpl.invoke(DelegatingMethodAccessorImpl.java:43)
	at java.base/java.lang.reflect.Method.invoke(Method.java:568)
	at org.testng.internal.invokers.MethodInvocationHelper.invokeMethod(MethodInvocationHelper.java:139)
	at org.testng.internal.invokers.TestInvoker.invokeMethod(TestInvoker.java:677)
	at org.testng.internal.invokers.TestInvoker.invokeTestMethod(TestInvoker.java:221)
	at org.testng.internal.invokers.MethodRunner.runInSequence(MethodRunner.java:50)
	at org.testng.internal.invokers.TestInvoker$MethodInvocationAgent.invoke(TestInvoker.java:969)
	at org.testng.internal.invokers.TestInvoker.invokeTestMethods(TestInvoker.java:194)
	at org.testng.internal.invokers.TestMethodWorker.invokeTestMethods(TestMethodWorker.java:148)
	at org.testng.internal.invokers.TestMethodWorker.run(TestMethodWorker.java:128)
	at java.base/java.util.ArrayList.forEach(ArrayList.java:1511)
	at org.testng.TestRunner.privateRun(TestRunner.java:829)
	at org.testng.TestRunner.run(TestRunner.java:602)
	at org.testng.SuiteRunner.runTest(SuiteRunner.java:437)
	at org.testng.SuiteRunner.runSequentially(SuiteRunner.java:431)
	at org.testng.SuiteRunner.privateRun(SuiteRunner.java:391)
	at org.testng.SuiteRunner.run(SuiteRunner.java:330)
	at org.testng.SuiteRunnerWorker.runSuite(SuiteRunnerWorker.java:52)
	at org.testng.SuiteRunnerWorker.run(SuiteRunnerWorker.java:95)
	at org.testng.TestNG.runSuitesSequentially(TestNG.java:1256)
	at org.testng.TestNG.runSuitesLocally(TestNG.java:1176)
	at org.testng.TestNG.runSuites(TestNG.java:1099)
	at org.testng.TestNG.run(TestNG.java:1067)
	at org.apache.maven.surefire.testng.TestNGExecutor.run(TestNGExecutor.java:155)
	at org.apache.maven.surefire.testng.TestNGDirectoryTestSuite.executeSingleClass(TestNGDirectoryTestSuite.java:102)
	at org.apache.maven.surefire.testng.TestNGDirectoryTestSuite.execute(TestNGDirectoryTestSuite.java:91)
	at org.apache.maven.surefire.testng.TestNGProvider.invoke(TestNGProvider.java:137)
	at org.apache.maven.surefire.booter.ForkedBooter.runSuitesInProcess(ForkedBooter.java:385)
	at org.apache.maven.surefire.booter.ForkedBooter.execute(ForkedBooter.java:162)
	at org.apache.maven.surefire.booter.ForkedBooter.run(ForkedBooter.java:507)
	at org.apache.maven.surefire.booter.ForkedBooter.main(ForkedBooter.java:495)
]]></failure>
  </testcase>
  <testcase name="afterTest" classname="tests.examples.GoogleTest" time="0.008">
    <failure message="disconnected: not connected to DevTools&#10;  (failed to check if window was closed: disconnected: not connected to DevTools)&#10;  (Session info: MicrosoftEdge=111.0.1661.62)&#10;Build info: version: &apos;3.141.59&apos;, revision: &apos;e82be7d358&apos;, time: &apos;2018-11-14T08:17:03&apos;&#10;System info: host: &apos;DESKTOP-DJHFN66&apos;, ip: &apos;192.168.0.137&apos;, os.name: &apos;Windows 11&apos;, os.arch: &apos;amd64&apos;, os.version: &apos;10.0&apos;, java.version: &apos;17.0.6&apos;&#10;Driver info: org.openqa.selenium.edge.EdgeDriver&#10;Capabilities {acceptInsecureCerts: false, browserName: msedge, browserVersion: 111.0.1661.62, javascriptEnabled: true, ms:edgeOptions: {debuggerAddress: localhost:65467}, msedge: {msedgedriverVersion: 111.0.1661.62 (0a8f453929e6..., userDataDir: C:\Users\aldwi\AppData\Loca...}, networkConnectionEnabled: false, pageLoadStrategy: normal, platform: WINDOWS, platformName: WINDOWS, proxy: Proxy(), setWindowRect: true, strictFileInteractability: false, timeouts: {implicit: 0, pageLoad: 300000, script: 30000}, unhandledPromptBehavior: dismiss and notify, webauthn:extension:credBlob: true, webauthn:extension:largeBlob: true, webauthn:extension:minPinLength: true, webauthn:extension:prf: true, webauthn:virtualAuthenticators: true}&#10;Session ID: 3f75bba52824d45c36e0f00a371170e4" type="org.openqa.selenium.WebDriverException"><![CDATA[org.openqa.selenium.WebDriverException: 
disconnected: not connected to DevTools
  (failed to check if window was closed: disconnected: not connected to DevTools)
  (Session info: MicrosoftEdge=111.0.1661.62)
Build info: version: '3.141.59', revision: 'e82be7d358', time: '2018-11-14T08:17:03'
System info: host: 'DESKTOP-DJHFN66', ip: '192.168.0.137', os.name: 'Windows 11', os.arch: 'amd64', os.version: '10.0', java.version: '17.0.6'
Driver info: org.openqa.selenium.edge.EdgeDriver
Capabilities {acceptInsecureCerts: false, browserName: msedge, browserVersion: 111.0.1661.62, javascriptEnabled: true, ms:edgeOptions: {debuggerAddress: localhost:65467}, msedge: {msedgedriverVersion: 111.0.1661.62 (0a8f453929e6..., userDataDir: C:\Users\aldwi\AppData\Loca...}, networkConnectionEnabled: false, pageLoadStrategy: normal, platform: WINDOWS, platformName: WINDOWS, proxy: Proxy(), setWindowRect: true, strictFileInteractability: false, timeouts: {implicit: 0, pageLoad: 300000, script: 30000}, unhandledPromptBehavior: dismiss and notify, webauthn:extension:credBlob: true, webauthn:extension:largeBlob: true, webauthn:extension:minPinLength: true, webauthn:extension:prf: true, webauthn:virtualAuthenticators: true}
Session ID: 3f75bba52824d45c36e0f00a371170e4
	at java.base/jdk.internal.reflect.NativeConstructorAccessorImpl.newInstance0(Native Method)
	at java.base/jdk.internal.reflect.NativeConstructorAccessorImpl.newInstance(NativeConstructorAccessorImpl.java:77)
	at java.base/jdk.internal.reflect.DelegatingConstructorAccessorImpl.newInstance(DelegatingConstructorAccessorImpl.java:45)
	at java.base/java.lang.reflect.Constructor.newInstanceWithCaller(Constructor.java:499)
	at java.base/java.lang.reflect.Constructor.newInstance(Constructor.java:480)
	at org.openqa.selenium.remote.http.W3CHttpResponseCodec.createException(W3CHttpResponseCodec.java:187)
	at org.openqa.selenium.remote.http.W3CHttpResponseCodec.decode(W3CHttpResponseCodec.java:122)
	at org.openqa.selenium.remote.http.W3CHttpResponseCodec.decode(W3CHttpResponseCodec.java:49)
	at org.openqa.selenium.remote.HttpCommandExecutor.execute(HttpCommandExecutor.java:158)
	at org.openqa.selenium.remote.service.DriverCommandExecutor.execute(DriverCommandExecutor.java:83)
	at org.openqa.selenium.remote.RemoteWebDriver.execute(RemoteWebDriver.java:552)
	at org.openqa.selenium.remote.RemoteWebDriver.execute(RemoteWebDriver.java:609)
	at org.openqa.selenium.remote.RemoteWebDriver.close(RemoteWebDriver.java:442)
	at utils.BaseTest.afterTest(BaseTest.java:31)
	at java.base/jdk.internal.reflect.NativeMethodAccessorImpl.invoke0(Native Method)
	at java.base/jdk.internal.reflect.NativeMethodAccessorImpl.invoke(NativeMethodAccessorImpl.java:77)
	at java.base/jdk.internal.reflect.DelegatingMethodAccessorImpl.invoke(DelegatingMethodAccessorImpl.java:43)
	at java.base/java.lang.reflect.Method.invoke(Method.java:568)
	at org.testng.internal.invokers.MethodInvocationHelper.invokeMethod(MethodInvocationHelper.java:139)
	at org.testng.internal.invokers.MethodInvocationHelper.invokeMethodConsideringTimeout(MethodInvocationHelper.java:69)
	at org.testng.internal.invokers.ConfigInvoker.invokeConfigurationMethod(ConfigInvoker.java:361)
	at org.testng.internal.invokers.ConfigInvoker.invokeConfigurations(ConfigInvoker.java:296)
	at org.testng.TestRunner.invokeTestConfigurations(TestRunner.java:644)
	at org.testng.TestRunner.afterRun(TestRunner.java:914)
	at org.testng.TestRunner.run(TestRunner.java:605)
	at org.testng.SuiteRunner.runTest(SuiteRunner.java:437)
	at org.testng.SuiteRunner.runSequentially(SuiteRunner.java:431)
	at org.testng.SuiteRunner.privateRun(SuiteRunner.java:391)
	at org.testng.SuiteRunner.run(SuiteRunner.java:330)
	at org.testng.SuiteRunnerWorker.runSuite(SuiteRunnerWorker.java:52)
	at org.testng.SuiteRunnerWorker.run(SuiteRunnerWorker.java:95)
	at org.testng.TestNG.runSuitesSequentially(TestNG.java:1256)
	at org.testng.TestNG.runSuitesLocally(TestNG.java:1176)
	at org.testng.TestNG.runSuites(TestNG.java:1099)
	at org.testng.TestNG.run(TestNG.java:1067)
	at org.apache.maven.surefire.testng.TestNGExecutor.run(TestNGExecutor.java:155)
	at org.apache.maven.surefire.testng.TestNGDirectoryTestSuite.executeSingleClass(TestNGDirectoryTestSuite.java:102)
	at org.apache.maven.surefire.testng.TestNGDirectoryTestSuite.execute(TestNGDirectoryTestSuite.java:91)
	at org.apache.maven.surefire.testng.TestNGProvider.invoke(TestNGProvider.java:137)
	at org.apache.maven.surefire.booter.ForkedBooter.runSuitesInProcess(ForkedBooter.java:385)
	at org.apache.maven.surefire.booter.ForkedBooter.execute(ForkedBooter.java:162)
	at org.apache.maven.surefire.booter.ForkedBooter.run(ForkedBooter.java:507)
	at org.apache.maven.surefire.booter.ForkedBooter.main(ForkedBooter.java:495)
]]></failure>
  </testcase>
</testsuite>